============================================================
  Generated by:           Genus(TM) Synthesis Solution 20.11-s111_1
  Generated on:           Oct 19 2025  05:36:18 pm
  Module:                 Serial_multiplier16bit
  Operating conditions:   slow (balanced_tree)
  Wireload mode:          enclosed
  Area mode:              timing library
============================================================

                               
   Gate    Instances    Area   Library 
---------------------------------------
ADDFHX1            2    42.386    slow 
ADDFX1            18   354.229    slow 
ADDHX1             1    12.110    slow 
AND2X1             2     9.083    slow 
AOI21X1            4    18.166    slow 
AOI21XL            2     9.083    slow 
AOI22X1           24   145.325    slow 
CLKINVX1           8    18.166    slow 
CLKXOR2X1         11    91.585    slow 
DFFQX1            35   556.322    slow 
DFFQXL            32   508.637    slow 
DFFX1              1    18.923    slow 
INVX1              4     9.083    slow 
INVXL              3     6.812    slow 
MX2X1             10    68.121    slow 
MXI2XL             9    54.497    slow 
NAND2BX1           5    22.707    slow 
NAND2BXL           1     4.541    slow 
NAND2X1            1     3.784    slow 
NAND2X2            3    18.166    slow 
NAND2XL           12    36.331    slow 
NAND3X1            9    40.873    slow 
NOR2BX1           64   290.650    slow 
NOR2BX2            1     6.812    slow 
NOR2BXL            1     4.541    slow 
NOR2X1             1     3.784    slow 
NOR2X2             3    18.166    slow 
NOR2XL            35   105.966    slow 
NOR3BXL            1     6.055    slow 
NOR4BX4            1    21.950    slow 
OA21XL             1     6.812    slow 
OAI21X1            8    36.331    slow 
OAI21X2            2    16.652    slow 
OAI22X1           17   102.938    slow 
OAI2BB1X1          7    37.088    slow 
OAI2BB1X2          2    15.138    slow 
OAI2BB1X4          1    12.110    slow 
OR2X1              1     4.541    slow 
OR2XL              1     4.541    slow 
XNOR2XL            2    16.652    slow 
XOR2XL             5    41.630    slow 
---------------------------------------
total            351  2801.287         


                                         
     Type      Instances   Area   Area % 
-----------------------------------------
sequential            68 1083.881   38.7 
inverter              15   34.061    1.2 
logic                268 1683.346   60.1 
physical_cells         0    0.000    0.0 
-----------------------------------------
total                351 2801.287  100.0 

