###############################################################
#  Generated by:      Cadence Innovus 20.14-s095_1
#  OS:                Linux x86_64(Host ID vlsi-1.iiitk.ac.in)
#  Generated on:      Mon Oct 20 13:19:41 2025
#  Design:            Serial_multiplier16bit
#  Command:           verifyConnectivity -type all -error 1000 -warning 50
###############################################################
Verify Connectivity Report is created on Mon Oct 20 13:19:41 2025



Net FE_OFN4_n_52, Pin Pin: g3920__5107/B; Direction: INPUT; Use: SIGNAL;: has an unconnected terminal at (25.475, 17.640) (25.940, 17.755)
Net FE_OFN4_n_52: has regular routing with opens at (20.900, 15.400) (34.900, 26.435)
Net FE_OFN4_n_52: dangling Wire at (25.500, 17.385) (25.500, 17.385) on layer: Metal1
Net FE_OFN1_count_2, Pin Pin: g3920__5107/AN; Direction: INPUT; Use: SIGNAL;: has an unconnected terminal at (26.435, 17.495) (26.590, 17.655)
Net FE_OFN1_count_2: has regular routing with opens at (23.200, 17.495) (28.365, 29.855)
Net FE_OFN1_count_2: dangling Wire at (26.100, 17.575) (26.100, 17.575) on layer: Metal1
Net VDD: has special routes with opens at (8.000, 38.270) (46.000, 39.010)
Net VDD: has special routes with opens at (8.000, 34.850) (46.000, 36.210)
Net VDD: has special routes with opens at (8.000, 31.315) (46.000, 32.905)
Net VDD: has special routes with opens at (8.000, 27.895) (46.000, 29.500)
Net VDD: has special routes with opens at (8.000, 24.590) (46.000, 26.070)
Net VDD: has special routes with opens at (8.000, 21.040) (46.000, 22.630)
Net VDD: has special routes with opens at (8.000, 17.635) (46.000, 19.110)
Net VDD: has special routes with opens at (8.000, 14.200) (46.000, 15.790)
Net VDD: has special routes with opens at (8.000, 10.795) (46.000, 12.385)
Net VDD: has special routes with opens at (8.000, 8.110) (46.000, 8.850)
Net VDD: dangling Wire at (8.000, 38.950) (8.000, 38.950) on layer: Metal1
Net VDD: dangling Wire at (8.000, 35.530) (8.000, 35.530) on layer: Metal1
Net VDD: dangling Wire at (8.000, 32.110) (8.000, 32.110) on layer: Metal1
Net VDD: dangling Wire at (8.000, 25.270) (8.000, 25.270) on layer: Metal1
Net VDD: dangling Wire at (46.000, 25.270) (46.000, 25.270) on layer: Metal1
Net VDD: dangling Wire at (8.000, 21.850) (8.000, 21.850) on layer: Metal1
Net VDD: dangling Wire at (8.000, 11.590) (8.000, 11.590) on layer: Metal1
Net VDD: dangling Wire at (8.000, 8.170) (8.000, 8.170) on layer: Metal1
Net VSS: has special routes with opens at (8.000, 36.650) (46.000, 37.830)
Net VSS: has special routes with opens at (8.000, 33.180) (46.000, 34.445)
Net VSS: has special routes with opens at (8.000, 29.740) (46.000, 30.990)
Net VSS: has special routes with opens at (8.000, 26.320) (46.000, 27.640)
Net VSS: has special routes with opens at (8.000, 22.900) (46.000, 24.220)
Net VSS: has special routes with opens at (8.000, 19.480) (46.000, 20.800)
Net VSS: has special routes with opens at (8.000, 16.060) (46.000, 17.380)
Net VSS: has special routes with opens at (8.000, 12.640) (46.000, 13.960)
Net VSS: has special routes with opens at (8.000, 9.260) (46.000, 10.505)
Net VSS: dangling Wire at (8.000, 37.240) (8.000, 37.240) on layer: Metal1
Net VSS: dangling Wire at (8.000, 33.820) (8.000, 33.820) on layer: Metal1
Net VSS: dangling Wire at (8.000, 26.980) (8.000, 26.980) on layer: Metal1
Net VSS: dangling Wire at (8.000, 23.560) (8.000, 23.560) on layer: Metal1
Net VSS: dangling Wire at (8.000, 20.140) (8.000, 20.140) on layer: Metal1
Net VSS: dangling Wire at (8.000, 9.880) (8.000, 9.880) on layer: Metal1

Begin Summary
    2 Problem(s) (IMPVFC-96): Terminal(s) are not connected.
    19 Problem(s) (IMPVFC-200): Special Wires: Pieces of the net are not connected together.
    2 Problem(s) (IMPVFC-92): Pieces of the net are not connected together.
    16 Problem(s) (IMPVFC-94): The net has dangling wire(s).
    39 total info(s) created.
End Summary
