============================================================
  Generated by:           Genus(TM) Synthesis Solution 20.11-s111_1
  Generated on:           Oct 19 2025  05:36:18 pm
  Module:                 Serial_multiplier16bit
  Operating conditions:   slow (balanced_tree)
  Wireload mode:          enclosed
  Area mode:              timing library
============================================================


Path 1: MET (4 ps) Setup Check with Pin Parproduct_sum_reg[31]/CK->D
          Group: clk
     Startpoint: (F) Serial_multin2[6]
          Clock: (R) clk
       Endpoint: (R) Parproduct_sum_reg[31]/D
          Clock: (R) clk

                     Capture       Launch     
        Clock Edge:+   10000            0     
        Drv Adjust:+       0            0     
       Src Latency:+       0            0     
       Net Latency:+       0 (I)        0 (I) 
           Arrival:=   10000            0     
                                              
             Setup:-     184                  
     Required Time:=    9816                  
      Launch Clock:-       0                  
       Input Delay:-    2000                  
         Data Path:-    7813                  
             Slack:=       4                  

Exceptions/Constraints:
  input_delay             2000            serial_multiplier16b_line_12_25_1 

#--------------------------------------------------------------------------------------------------
#      Timing Point        Flags    Arc   Edge   Cell     Fanout Load Trans Delay Arrival Instance 
#                                                                (fF)  (ps)  (ps)   (ps)  Location 
#--------------------------------------------------------------------------------------------------
  Serial_multin2[6]        -       -      F     (arrival)      1  2.8     0     0    2000    (-,-) 
  g3929/Y                  -       A1N->Y F     OAI2BB1X4      1  5.6    61   124    2124    (-,-) 
  g3657__8428/Y            -       A->Y   R     NOR2X2         1  2.6    53    63    2187    (-,-) 
  g2/Y                     -       AN->Y  R     NOR4BX4        2 10.8   176   257    2444    (-,-) 
  g3921__6260/Y            -       B->Y   F     NOR2BX2       16 43.7   179   165    2609    (-,-) 
  g3651__5477/Y            -       B->Y   R     NAND2XL        4  6.9   137   147    2757    (-,-) 
  g3613__9315/Y            -       A->Y   F     MXI2XL         2  5.5   212   161    2917    (-,-) 
  g3606/Y                  -       A->Y   R     INVX1          2  4.5    89    92    3009    (-,-) 
  g3603__5122/Y            -       B->Y   F     NOR2XL         3  8.1   126   105    3114    (-,-) 
  add_33_42_g811__6161/Y   -       B->Y   F     OR2X1          1  2.6    53   157    3271    (-,-) 
  add_33_42_g792__2398/Y   -       A0->Y  R     AOI22X1        2  7.1   167   159    3430    (-,-) 
  add_33_42_g789__5477/Y   -       A1->Y  F     OAI21X2        2  6.4    97    91    3521    (-,-) 
  add_33_42_g787__7410/Y   -       A1->Y  R     AOI21X1        2  4.5   108   116    3637    (-,-) 
  add_33_42_g784__1666/Y   -       A1->Y  F     OAI21X1        2  4.3   101    94    3731    (-,-) 
  add_33_42_g783/Y         -       A->Y   R     CLKINVX1       2  7.0    77    85    3815    (-,-) 
  add_33_42_g781__2883/Y   -       A1->Y  F     OAI21X2        2  6.4    99    78    3893    (-,-) 
  add_33_42_g780__9945/Y   -       B0->Y  R     OAI21X1        1  2.7   120    63    3956    (-,-) 
  add_33_42_g778__6161/Y   -       B0->Y  F     OAI2BB1X1      2  6.4   116   111    4067    (-,-) 
  add_33_42_g777__4733/Y   -       B0->Y  R     OAI21X1        1  2.7   140    66    4133    (-,-) 
  add_33_42_g775__5115/Y   -       B0->Y  F     OAI2BB1X1      2  6.4   119   115    4248    (-,-) 
  add_33_42_g774__1881/Y   -       B0->Y  R     OAI21X1        1  2.7   140    67    4316    (-,-) 
  add_33_42_g772__7098/Y   -       B0->Y  F     OAI2BB1X1      2  6.4   119   115    4431    (-,-) 
  add_33_42_g771__8246/Y   -       B0->Y  R     OAI21X1        1  2.7   120    67    4498    (-,-) 
  add_33_42_g769__1705/Y   -       B0->Y  F     OAI2BB1X1      1  6.3   114   110    4608    (-,-) 
  add_33_42_g768__2802/CO  -       CI->CO F     ADDFHX1        1  6.3    96   235    4843    (-,-) 
  add_33_42_g767__1617/CO  -       CI->CO F     ADDFHX1        1  4.9    88   220    5062    (-,-) 
  add_33_42_g766__3680/CO  -       CI->CO F     ADDFX1         1  4.9    96   248    5310    (-,-) 
  add_33_42_g765__6783/CO  -       CI->CO F     ADDFX1         1  4.9    96   250    5560    (-,-) 
  add_33_42_g764__5526/CO  -       CI->CO F     ADDFX1         1  4.9    96   250    5810    (-,-) 
  add_33_42_g763__8428/CO  -       CI->CO F     ADDFX1         1  4.9    96   250    6060    (-,-) 
  add_33_42_g762__4319/CO  -       CI->CO F     ADDFX1         1  4.9    96   250    6310    (-,-) 
  add_33_42_g761__6260/CO  -       CI->CO F     ADDFX1         1  4.9    96   250    6560    (-,-) 
  add_33_42_g760__5107/CO  -       CI->CO F     ADDFX1         1  4.9    96   250    6810    (-,-) 
  add_33_42_g759__2398/CO  -       CI->CO F     ADDFX1         1  4.9    96   250    7060    (-,-) 
  add_33_42_g758__5477/CO  -       CI->CO F     ADDFX1         1  4.9    96   250    7309    (-,-) 
  add_33_42_g757__6417/CO  -       CI->CO F     ADDFX1         1  4.9    96   250    7559    (-,-) 
  add_33_42_g756__7410/CO  -       CI->CO F     ADDFX1         1  4.9    96   250    7809    (-,-) 
  add_33_42_g755__1666/CO  -       CI->CO F     ADDFX1         1  4.9    96   250    8059    (-,-) 
  add_33_42_g754__2346/CO  -       CI->CO F     ADDFX1         1  4.9    96   250    8309    (-,-) 
  add_33_42_g753__2883/CO  -       CI->CO F     ADDFX1         1  4.9    96   250    8559    (-,-) 
  add_33_42_g752__9945/CO  -       CI->CO F     ADDFX1         1  4.9    96   250    8809    (-,-) 
  add_33_42_g751__9315/CO  -       CI->CO F     ADDFX1         1  4.9    96   250    9059    (-,-) 
  add_33_42_g750__6161/CO  -       CI->CO F     ADDFX1         1  4.9    96   250    9309    (-,-) 
  add_33_42_g749__4733/CO  -       CI->CO F     ADDFX1         1  3.6    86   238    9547    (-,-) 
  add_33_42_g748__7482/Y   -       B->Y   R     CLKXOR2X1      1  1.7    52   156    9703    (-,-) 
  g1789__7482/Y            -       AN->Y  R     NOR2BX1        1  1.6    55   109    9813    (-,-) 
  Parproduct_sum_reg[31]/D <<<     -      R     DFFQX1         1    -     -     0    9813    (-,-) 
#--------------------------------------------------------------------------------------------------

